# JRE version: Java(TM) SE Runtime Environment (14.0.1+7) (build 14.0.1+7)
# Java VM: Java HotSpot(TM) 64-Bit Server VM (14.0.1+7, mixed mode, sharing, tiered, compressed oops, g1 gc, linux-amd64)
Heap:
 garbage-first heap   total 211968K, used 61669K [0x0000000706c00000, 0x0000000800000000)
  region size 1024K, 3 young (3072K), 1 survivors (1024K)
 Metaspace       used 31004K, capacity 31955K, committed 32252K, reserved 1077248K
  class space    used 3436K, capacity 3769K, committed 3836K, reserved 1048576K
GC Heap History (20 events):
Event: 13.300 GC heap before
{Heap before GC invocations=120 (full 0):
 garbage-first heap   total 211968K, used 86204K [0x0000000706c00000, 0x0000000800000000)
  region size 1024K, 3 young (3072K), 1 survivors (1024K)
 Metaspace       used 30881K, capacity 31762K, committed 31996K, reserved 1077248K
  class space    used 3434K, capacity 3769K, committed 3836K, reserved 1048576K
}
Event: 13.301 GC heap after
{Heap after GC invocations=121 (full 0):
 garbage-first heap   total 211968K, used 48318K [0x0000000706c00000, 0x0000000800000000)
  region size 1024K, 1 young (1024K), 1 survivors (1024K)
 Metaspace       used 30881K, capacity 31762K, committed 31996K, reserved 1077248K
  class space    used 3434K, capacity 3769K, committed 3836K, reserved 1048576K
}
Event: 13.462 GC heap before
{Heap before GC invocations=122 (full 0):
 garbage-first heap   total 211968K, used 86206K [0x0000000706c00000, 0x0000000800000000)
  region size 1024K, 3 young (3072K), 1 survivors (1024K)
 Metaspace       used 30947K, capacity 31827K, committed 31996K, reserved 1077248K
  class space    used 3434K, capacity 3769K, committed 3836K, reserved 1048576K
}
Event: 13.464 GC heap after
{Heap after GC invocations=123 (full 0):
 garbage-first heap   total 211968K, used 48319K [0x0000000706c00000, 0x0000000800000000)
  region size 1024K, 1 young (1024K), 1 survivors (1024K)
 Metaspace       used 30947K, capacity 31827K, committed 31996K, reserved 1077248K
  class space    used 3434K, capacity 3769K, committed 3836K, reserved 1048576K
}
Event: 13.660 GC heap before
{Heap before GC invocations=124 (full 0):
 garbage-first heap   total 211968K, used 87231K [0x0000000706c00000, 0x0000000800000000)
  region size 1024K, 4 young (4096K), 1 survivors (1024K)
 Metaspace       used 30950K, capacity 31827K, committed 31996K, reserved 1077248K
  class space    used 3436K, capacity 3769K, committed 3836K, reserved 1048576K
}
Event: 13.661 GC heap after
{Heap after GC invocations=125 (full 0):
 garbage-first heap   total 211968K, used 48324K [0x0000000706c00000, 0x0000000800000000)
  region size 1024K, 1 young (1024K), 1 survivors (1024K)
 Metaspace       used 30950K, capacity 31827K, committed 31996K, reserved 1077248K
  class space    used 3436K, capacity 3769K, committed 3836K, reserved 1048576K
}
Event: 13.833 GC heap before
{Heap before GC invocations=126 (full 0):
 garbage-first heap   total 211968K, used 86212K [0x0000000706c00000, 0x0000000800000000)
  region size 1024K, 3 young (3072K), 1 survivors (1024K)
 Metaspace       used 30985K, capacity 31891K, committed 32252K, reserved 1077248K
  class space    used 3436K, capacity 3769K, committed 3836K, reserved 1048576K
}
Event: 13.836 GC heap after
{Heap after GC invocations=127 (full 0):
 garbage-first heap   total 211968K, used 48337K [0x0000000706c00000, 0x0000000800000000)
  region size 1024K, 1 young (1024K), 1 survivors (1024K)
 Metaspace       used 30985K, capacity 31891K, committed 32252K, reserved 1077248K
  class space    used 3436K, capacity 3769K, committed 3836K, reserved 1048576K
}
Event: 14.021 GC heap before
{Heap before GC invocations=128 (full 0):
 garbage-first heap   total 211968K, used 86225K [0x0000000706c00000, 0x0000000800000000)
  region size 1024K, 3 young (3072K), 1 survivors (1024K)
 Metaspace       used 30988K, capacity 31891K, committed 32252K, reserved 1077248K
  class space    used 3436K, capacity 3769K, committed 3836K, reserved 1048576K
}
Event: 14.023 GC heap after
{Heap after GC invocations=129 (full 0):
 garbage-first heap   total 211968K, used 48335K [0x0000000706c00000, 0x0000000800000000)
  region size 1024K, 1 young (1024K), 1 survivors (1024K)
 Metaspace       used 30988K, capacity 31891K, committed 32252K, reserved 1077248K
  class space    used 3436K, capacity 3769K, committed 3836K, reserved 1048576K
}
Event: 14.183 GC heap before
{Heap before GC invocations=130 (full 0):
 garbage-first heap   total 211968K, used 86223K [0x0000000706c00000, 0x0000000800000000)
  region size 1024K, 3 young (3072K), 1 survivors (1024K)
 Metaspace       used 30991K, capacity 31955K, committed 32252K, reserved 1077248K
  class space    used 3436K, capacity 3769K, committed 3836K, reserved 1048576K
}
Event: 14.185 GC heap after
{Heap after GC invocations=131 (full 0):
 garbage-first heap   total 211968K, used 48342K [0x0000000706c00000, 0x0000000800000000)
  region size 1024K, 1 young (1024K), 1 survivors (1024K)
 Metaspace       used 30991K, capacity 31955K, committed 32252K, reserved 1077248K
  class space    used 3436K, capacity 3769K, committed 3836K, reserved 1048576K
}
Event: 14.381 GC heap before
{Heap before GC invocations=132 (full 0):
 garbage-first heap   total 211968K, used 86230K [0x0000000706c00000, 0x0000000800000000)
  region size 1024K, 3 young (3072K), 1 survivors (1024K)
 Metaspace       used 30991K, capacity 31955K, committed 32252K, reserved 1077248K
  class space    used 3436K, capacity 3769K, committed 3836K, reserved 1048576K
}
Event: 14.383 GC heap after
{Heap after GC invocations=133 (full 0):
 garbage-first heap   total 211968K, used 48344K [0x0000000706c00000, 0x0000000800000000)
  region size 1024K, 1 young (1024K), 1 survivors (1024K)
 Metaspace       used 30991K, capacity 31955K, committed 32252K, reserved 1077248K
  class space    used 3436K, capacity 3769K, committed 3836K, reserved 1048576K
}
Event: 14.543 GC heap before
{Heap before GC invocations=134 (full 0):
 garbage-first heap   total 211968K, used 87256K [0x0000000706c00000, 0x0000000800000000)
  region size 1024K, 4 young (4096K), 1 survivors (1024K)
 Metaspace       used 30999K, capacity 31955K, committed 32252K, reserved 1077248K
  class space    used 3436K, capacity 3769K, committed 3836K, reserved 1048576K
}
Event: 14.544 GC heap after
{Heap after GC invocations=135 (full 0):
 garbage-first heap   total 211968K, used 48346K [0x0000000706c00000, 0x0000000800000000)
  region size 1024K, 1 young (1024K), 1 survivors (1024K)
 Metaspace       used 30999K, capacity 31955K, committed 32252K, reserved 1077248K
  class space    used 3436K, capacity 3769K, committed 3836K, reserved 1048576K
}
Event: 14.741 GC heap before
{Heap before GC invocations=136 (full 0):
 garbage-first heap   total 211968K, used 86234K [0x0000000706c00000, 0x0000000800000000)
  region size 1024K, 3 young (3072K), 1 survivors (1024K)
 Metaspace       used 31004K, capacity 31955K, committed 32252K, reserved 1077248K
  class space    used 3436K, capacity 3769K, committed 3836K, reserved 1048576K
}
Event: 14.742 GC heap after
{Heap after GC invocations=137 (full 0):
 garbage-first heap   total 211968K, used 48349K [0x0000000706c00000, 0x0000000800000000)
  region size 1024K, 1 young (1024K), 1 survivors (1024K)
 Metaspace       used 31004K, capacity 31955K, committed 32252K, reserved 1077248K
  class space    used 3436K, capacity 3769K, committed 3836K, reserved 1048576K
}
Event: 14.913 GC heap before
{Heap before GC invocations=138 (full 0):
 garbage-first heap   total 211968K, used 86237K [0x0000000706c00000, 0x0000000800000000)
  region size 1024K, 3 young (3072K), 1 survivors (1024K)
 Metaspace       used 31004K, capacity 31955K, committed 32252K, reserved 1077248K
  class space    used 3436K, capacity 3769K, committed 3836K, reserved 1048576K
}
Event: 14.916 GC heap after
{Heap after GC invocations=139 (full 0):
 garbage-first heap   total 211968K, used 48357K [0x0000000706c00000, 0x0000000800000000)
  region size 1024K, 1 young (1024K), 1 survivors (1024K)
 Metaspace       used 31004K, capacity 31955K, committed 32252K, reserved 1077248K
  class space    used 3436K, capacity 3769K, committed 3836K, reserved 1048576K
}

